0 info it worked if it ends with ok
1 verbose cli [ '/usr/bin/node', '/usr/bin/npm', 'install', 'node-mysql' ]
2 info using npm@1.4.28
3 info using node@v0.10.33
4 verbose node symlink /usr/bin/node
5 verbose readDependencies using package.json deps
6 verbose cache add [ 'node-mysql', null ]
7 verbose cache add name=undefined spec="node-mysql" args=["node-mysql",null]
8 verbose parsed url { protocol: null,
8 verbose parsed url   slashes: null,
8 verbose parsed url   auth: null,
8 verbose parsed url   host: null,
8 verbose parsed url   port: null,
8 verbose parsed url   hostname: null,
8 verbose parsed url   hash: null,
8 verbose parsed url   search: null,
8 verbose parsed url   query: null,
8 verbose parsed url   pathname: 'node-mysql',
8 verbose parsed url   path: 'node-mysql',
8 verbose parsed url   href: 'node-mysql' }
9 silly lockFile 4522d1f6-node-mysql node-mysql
10 verbose lock node-mysql /root/.npm/4522d1f6-node-mysql.lock
11 silly lockFile 4522d1f6-node-mysql node-mysql
12 silly lockFile 4522d1f6-node-mysql node-mysql
13 verbose addNamed [ 'node-mysql', '' ]
14 verbose addNamed [ null, '*' ]
15 silly lockFile 4ca5d929-node-mysql node-mysql@
16 verbose lock node-mysql@ /root/.npm/4ca5d929-node-mysql.lock
17 silly addNameRange { name: 'node-mysql', range: '*', hasData: false }
18 verbose request where is /node-mysql
19 verbose request registry http://registry.npmjs.org/
20 verbose request id bcad6eb8709e758f
21 verbose url raw /node-mysql
22 verbose url resolving [ 'http://registry.npmjs.org/', './node-mysql' ]
23 verbose url resolved http://registry.npmjs.org/node-mysql
24 verbose request where is http://registry.npmjs.org/node-mysql
25 info trying registry request attempt 1 at 14:33:38
26 http GET http://registry.npmjs.org/node-mysql
27 info retry will retry, error on last attempt: Error: read ECONNRESET
28 info trying registry request attempt 2 at 14:33:48
29 http GET http://registry.npmjs.org/node-mysql
30 info retry will retry, error on last attempt: Error: read ECONNRESET
31 info trying registry request attempt 3 at 14:34:48
32 http GET http://registry.npmjs.org/node-mysql
33 silly lockFile 4ca5d929-node-mysql node-mysql@
34 silly lockFile 4ca5d929-node-mysql node-mysql@
35 error network read ECONNRESET
35 error network This is most likely not a problem with npm itself
35 error network and is related to network connectivity.
35 error network In most cases you are behind a proxy or have bad network settings.
35 error network
35 error network If you are behind a proxy, please make sure that the
35 error network 'proxy' config is set properly.  See: 'npm help config'
36 error System Linux 3.2.0-35-generic
37 error command "/usr/bin/node" "/usr/bin/npm" "install" "node-mysql"
38 error cwd /root/Documents/test
39 error node -v v0.10.33
40 error npm -v 1.4.28
41 error syscall read
42 error code ECONNRESET
43 error errno ECONNRESET
44 verbose exit [ 1, true ]
